[32mINFO[0m:     [23-09-2024 20:58:56] Set chroma_server_nofile to 65535
[32mINFO[0m:     [23-09-2024 20:58:57] Anonymized telemetry enabled. See                     https://docs.trychroma.com/telemetry for more information.
[36mDEBUG[0m:    [23-09-2024 20:58:57] Starting component System
[36mDEBUG[0m:    [23-09-2024 20:58:57] Starting component OpenTelemetryClient
[36mDEBUG[0m:    [23-09-2024 20:58:57] Starting component SqliteDB
[36mDEBUG[0m:    [23-09-2024 20:59:02] Starting component QuotaEnforcer
[36mDEBUG[0m:    [23-09-2024 20:59:02] Starting component Posthog
[36mDEBUG[0m:    [23-09-2024 20:59:02] Starting component LocalSegmentManager
[36mDEBUG[0m:    [23-09-2024 20:59:02] Starting component SegmentAPI
[32mINFO[0m:     [23-09-2024 20:59:02] Started server process [[36m8227[0m]
[32mINFO[0m:     [23-09-2024 20:59:02] Waiting for application startup.
[32mINFO[0m:     [23-09-2024 20:59:02] Application startup complete.
[32mINFO[0m:     [23-09-2024 20:59:02] Uvicorn running on [1mhttp://localhost:8000[0m (Press CTRL+C to quit)
[32mINFO[0m:     [23-09-2024 20:59:15] 127.0.0.1:37600 - "GET /api/v1/tenants/default_tenant HTTP/1.1" 200
[32mINFO[0m:     [23-09-2024 20:59:15] 127.0.0.1:37600 - "GET /api/v1/databases/default_database?tenant=default_tenant HTTP/1.1" 200
[32mINFO[0m:     [23-09-2024 20:59:15] 127.0.0.1:37602 - "POST /api/v1/collections?tenant=default_tenant&database=default_database HTTP/1.1" 200
[36mDEBUG[0m:    [23-09-2024 20:59:19] Starting component PersistentLocalHnswSegment
[32mINFO[0m:     [23-09-2024 20:59:19] 127.0.0.1:37602 - "POST /api/v1/collections/fa78a7ed-d462-438b-a3ec-2a2ae231e218/query HTTP/1.1" 200
[32mINFO[0m:     [23-09-2024 20:59:33] 127.0.0.1:55250 - "GET /api/v1/collections?tenant=default_tenant&database=default_database HTTP/1.1" 200
[32mINFO[0m:     [23-09-2024 20:59:39] Shutting down
[32mINFO[0m:     [23-09-2024 20:59:39] Waiting for application shutdown.
[36mDEBUG[0m:    [23-09-2024 20:59:39] Stopping component System
[36mDEBUG[0m:    [23-09-2024 20:59:39] Stopping component SegmentAPI
[36mDEBUG[0m:    [23-09-2024 20:59:39] Stopping component PersistentLocalHnswSegment
[36mDEBUG[0m:    [23-09-2024 20:59:39] Stopping component LocalSegmentManager
[36mDEBUG[0m:    [23-09-2024 20:59:39] Stopping component Posthog
[36mDEBUG[0m:    [23-09-2024 20:59:39] Stopping component QuotaEnforcer
[36mDEBUG[0m:    [23-09-2024 20:59:39] Stopping component SqliteDB
[36mDEBUG[0m:    [23-09-2024 20:59:39] Stopping component OpenTelemetryClient
[32mINFO[0m:     [23-09-2024 20:59:39] Application shutdown complete.
[32mINFO[0m:     [23-09-2024 20:59:39] Finished server process [[36m8227[0m]
